[debug] ----------------------------------------------------------------------
[debug] Command:      /usr/local/bin/node /usr/local/bin/firebase deploy
[debug] Platform:     darwin
[debug] Node Version: v4.2.2
[debug] Time:         Thu Feb 11 2016 10:04:30 GMT-0600 (CST)
[debug] ----------------------------------------------------------------------
[debug] 
[debug] >>> HTTP REQUEST GET https://admin.firebase.com/firebase/invitacion-daniloyflori/token?token=XXX 
[debug] <<< HTTP RESPONSE 200
[debug] >>> HTTP REQUEST GET https://admin.firebase.com/firebase/invitacion-daniloyflori/token?token=XXX 
[debug] <<< HTTP RESPONSE 200
[info] 
[info] === Deploying to 'invitacion-daniloyflori'...
[info] 
[info] i  deploying hosting
[info] i  preparing dist directory for upload...
[debug] >>> HTTP REQUEST PUT https://deploy.firebase.com/firebase/invitacion-daniloyflori/uploads/-KAG3uP1SNIhJ499xdGn?token=XXX&fileCount=4&message= 
[debug] <<< HTTP RESPONSE 200
[info] ✔  4 files uploaded successfully
[debug] >>> HTTP REQUEST POST https://deploy.firebase.com/firebase/invitacion-daniloyflori/releases?token=XXX
[debug] <<< HTTP RESPONSE 200
[info] 
[info] ✔  Deploy complete!
[info] 
[info] URL: https://invitacion-daniloyflori.firebaseapp.com
[info] Dashboard: https://invitacion-daniloyflori.firebaseio.com
[info] 
[info] Visit the URL above or run firebase open
